[17/Nov/2020:15:17:30] (I): WordPress Instance Info:
[17/Nov/2020:15:17:30] (I): Home URL : http://localhost:8888/wordpressmmi
[17/Nov/2020:15:17:30] (I): Site URL : http://localhost:8888/wordpressmmi
[17/Nov/2020:15:17:30] (I): WordPress Version : 5.5.3
[17/Nov/2020:15:17:30] (I): Onboarding Version : 1.0.11
[17/Nov/2020:15:17:30] (I): Multisite : No
[17/Nov/2020:15:17:30] (I): Server Info : Apache/2.2.34 (Unix) mod_wsgi/3.5 Python/2.7.13 PHP/7.3.8 mod_ssl/2.2.34 OpenSSL/1.0.2o DAV/2 mod_fastcgi/mod_fastcgi-SNAP-0910052141 mod_perl/2.0.10 Perl/v5.24.0
[17/Nov/2020:15:17:30] (I): PHP Version : 7.3.8
[17/Nov/2020:15:17:30] (I): HTTPS : No
[17/Nov/2020:15:17:30] (I): PHP Max Execution Time : 30
[17/Nov/2020:15:17:30] (I): PHP Max Input Vars : 1000
[17/Nov/2020:15:17:30] (I): Max Upload Size : 8388608
[17/Nov/2020:15:17:30] (I): Plugins:
[17/Nov/2020:15:17:30] (I): [PLUGIN] Polylang : v2.8.2 (WP SYNTEX)
[17/Nov/2020:15:17:30] (I): [PLUGIN] SB Welcome Email Editor : v4.9.2 (Sean Barton)
[17/Nov/2020:15:17:30] (I): [PLUGIN] Akismet Anti-Spam : v4.1.6 (Automattic)
[17/Nov/2020:15:17:30] (I): [PLUGIN] Brozzme DB Prefix change and DB Tools addon : v1.2 (Benoti)
[17/Nov/2020:15:17:30] (I): [PLUGIN] Contact Form 7 : v5.3 (Takayuki Miyoshi)
[17/Nov/2020:15:17:30] (I): [PLUGIN] Elementor : v3.0.12 (Elementor.com)
[17/Nov/2020:15:17:30] (I): [PLUGIN] Hello Dolly : v1.7.2 (Matt Mullenweg)
[17/Nov/2020:15:17:30] (I): [PLUGIN] MeteoArt : v1.0.0 (meteoart)
[17/Nov/2020:15:17:30] (I): [PLUGIN] Gutenberg Blocks and Template Library by Otter : v1.5.8 (ThemeIsle)
[17/Nov/2020:15:17:30] (I): [PLUGIN] SpiceBox : v1.3 (Spicethemes)
[17/Nov/2020:15:17:30] (I): [PLUGIN] Templates Patterns Collection : v1.0.11 (ThemeIsle)
[17/Nov/2020:15:17:30] (I): [PLUGIN] TinyMCE Advanced : v5.5.0 (Andrew Ozz)
[17/Nov/2020:15:17:30] (I): [PLUGIN] WP Super Cache : v1.7.1 (Automattic)
[17/Nov/2020:15:17:30] (P): Saving remote XML
[17/Nov/2020:15:17:30] (S): Saved remote XML at path /Applications/MAMP/htdocs/wordpressmmi/wp-content/uploads/themeisle-demo-import.xml.
[17/Nov/2020:15:17:30] (P): Starting content import...
[17/Nov/2020:15:17:30] (S): Import started.
[17/Nov/2020:15:17:30] (S): Parsing XML file.
[17/Nov/2020:15:17:30] (P): Starting parsing file:/Applications/MAMP/htdocs/wordpressmmi/wp-content/uploads/themeisle-demo-import.xml
[17/Nov/2020:15:17:30] (P): Using WXR_Parser_SimpleXML...
[17/Nov/2020:15:17:30] (S): Parsed XML
[17/Nov/2020:15:17:30] (P): Processing categories...
[17/Nov/2020:15:17:30] (S): Processed categories.
[17/Nov/2020:15:17:30] (P): Processing tags...
[17/Nov/2020:15:17:30] (S): No tags to process.
[17/Nov/2020:15:17:30] (P): Processing terms...
[17/Nov/2020:15:17:30] (S): Processed terms.
[17/Nov/2020:15:17:30] (P): Processing posts...
[17/Nov/2020:15:17:30] (P): Processing single menu item ' '...
[17/Nov/2020:15:17:30] (P): Processing attachment: https://s33834.pcdn.co/web-agency-gb/wp-content/uploads/sites/422/2020/01/neve-webdesign-GB-01.png...
[17/Nov/2020:15:17:30] (P): Fetching attachment from url: https://s33834.pcdn.co/web-agency-gb/wp-content/uploads/sites/422/2020/01/neve-webdesign-GB-01.png...
[17/Nov/2020:15:17:30] (S): Fetched remote attachment.
[17/Nov/2020:15:17:30] (P): Inserting attachment...
[17/Nov/2020:15:17:30] (S): Attachment inserted
[17/Nov/2020:15:17:30] (S): Processed attachment.
[17/Nov/2020:15:17:30] (P): Processing attachment: https://s33834.pcdn.co/web-agency-gb/wp-content/uploads/sites/422/2020/01/neve-webdesign-GB-03.png...
[17/Nov/2020:15:17:30] (P): Fetching attachment from url: https://s33834.pcdn.co/web-agency-gb/wp-content/uploads/sites/422/2020/01/neve-webdesign-GB-03.png...
[17/Nov/2020:15:17:31] (S): Fetched remote attachment.
[17/Nov/2020:15:17:31] (P): Inserting attachment...
[17/Nov/2020:15:17:31] (S): Attachment inserted
[17/Nov/2020:15:17:31] (S): Processed attachment.
[17/Nov/2020:15:17:31] (P): Processing attachment: https://s33834.pcdn.co/web-agency-gb/wp-content/uploads/sites/422/2020/01/neve-webdesign-GB-04.png...
[17/Nov/2020:15:17:31] (P): Fetching attachment from url: https://s33834.pcdn.co/web-agency-gb/wp-content/uploads/sites/422/2020/01/neve-webdesign-GB-04.png...
[17/Nov/2020:15:17:31] (S): Fetched remote attachment.
[17/Nov/2020:15:17:31] (P): Inserting attachment...
[17/Nov/2020:15:17:31] (S): Attachment inserted
[17/Nov/2020:15:17:31] (S): Processed attachment.
[17/Nov/2020:15:17:31] (P): Processing attachment: https://s33834.pcdn.co/web-agency-gb/wp-content/uploads/sites/422/2020/01/neve-web-design-bg-05.jpg...
[17/Nov/2020:15:17:31] (P): Fetching attachment from url: https://s33834.pcdn.co/web-agency-gb/wp-content/uploads/sites/422/2020/01/neve-web-design-bg-05.jpg...
[17/Nov/2020:15:17:32] (S): Fetched remote attachment.
[17/Nov/2020:15:17:32] (P): Inserting attachment...
[17/Nov/2020:15:17:32] (S): Attachment inserted
[17/Nov/2020:15:17:32] (S): Processed attachment.
[17/Nov/2020:15:17:32] (P): Processing attachment: https://s33834.pcdn.co/web-agency-gb/wp-content/uploads/sites/422/2020/01/neve-web-design-bg-06.jpg...
[17/Nov/2020:15:17:32] (P): Fetching attachment from url: https://s33834.pcdn.co/web-agency-gb/wp-content/uploads/sites/422/2020/01/neve-web-design-bg-06.jpg...
[17/Nov/2020:15:17:32] (S): Fetched remote attachment.
[17/Nov/2020:15:17:32] (P): Inserting attachment...
[17/Nov/2020:15:17:32] (S): Attachment inserted
[17/Nov/2020:15:17:32] (S): Processed attachment.
[17/Nov/2020:15:17:32] (P): Processing attachment: https://s33834.pcdn.co/web-agency-gb/wp-content/uploads/sites/422/2020/01/neve-web-design-bg-07.jpg...
[17/Nov/2020:15:17:32] (P): Fetching attachment from url: https://s33834.pcdn.co/web-agency-gb/wp-content/uploads/sites/422/2020/01/neve-web-design-bg-07.jpg...
[17/Nov/2020:15:17:32] (S): Fetched remote attachment.
[17/Nov/2020:15:17:32] (P): Inserting attachment...
[17/Nov/2020:15:17:32] (S): Attachment inserted
[17/Nov/2020:15:17:32] (S): Processed attachment.
[17/Nov/2020:15:17:32] (P): Processing attachment: https://s33834.pcdn.co/web-agency-gb/wp-content/uploads/sites/422/2020/01/neve-web-design-bg-08.jpg...
[17/Nov/2020:15:17:32] (P): Fetching attachment from url: https://s33834.pcdn.co/web-agency-gb/wp-content/uploads/sites/422/2020/01/neve-web-design-bg-08.jpg...
[17/Nov/2020:15:17:33] (S): Fetched remote attachment.
[17/Nov/2020:15:17:33] (P): Inserting attachment...
[17/Nov/2020:15:17:33] (S): Attachment inserted
[17/Nov/2020:15:17:33] (S): Processed attachment.
[17/Nov/2020:15:17:33] (P): Processing attachment: https://s33834.pcdn.co/web-agency-gb/wp-content/uploads/sites/422/2020/01/neve-web-design-bg-09.jpg...
[17/Nov/2020:15:17:33] (P): Fetching attachment from url: https://s33834.pcdn.co/web-agency-gb/wp-content/uploads/sites/422/2020/01/neve-web-design-bg-09.jpg...
[17/Nov/2020:15:17:34] (S): Fetched remote attachment.
[17/Nov/2020:15:17:34] (P): Inserting attachment...
[17/Nov/2020:15:17:34] (S): Attachment inserted
[17/Nov/2020:15:17:34] (S): Processed attachment.
[17/Nov/2020:15:17:34] (P): Processing attachment: https://s33834.pcdn.co/web-agency-gb/wp-content/uploads/sites/422/2020/01/neve-web-design-bg-10.jpg...
[17/Nov/2020:15:17:34] (P): Fetching attachment from url: https://s33834.pcdn.co/web-agency-gb/wp-content/uploads/sites/422/2020/01/neve-web-design-bg-10.jpg...
[17/Nov/2020:15:17:34] (S): Fetched remote attachment.
[17/Nov/2020:15:17:34] (P): Inserting attachment...
[17/Nov/2020:15:17:34] (S): Attachment inserted
[17/Nov/2020:15:17:34] (S): Processed attachment.
[17/Nov/2020:15:17:34] (P): Processing attachment: https://s33834.pcdn.co/web-agency-gb/wp-content/uploads/sites/422/2020/01/neve-web-design-bg-11.jpg...
[17/Nov/2020:15:17:34] (P): Fetching attachment from url: https://s33834.pcdn.co/web-agency-gb/wp-content/uploads/sites/422/2020/01/neve-web-design-bg-11.jpg...
[17/Nov/2020:15:17:35] (S): Fetched remote attachment.
[17/Nov/2020:15:17:35] (P): Inserting attachment...
[17/Nov/2020:15:17:35] (S): Attachment inserted
[17/Nov/2020:15:17:35] (S): Processed attachment.
[17/Nov/2020:15:17:35] (P): Processing attachment: https://s33834.pcdn.co/web-agency-gb/wp-content/uploads/sites/422/2020/01/neve-web-design-bg-12.jpg...
[17/Nov/2020:15:17:35] (P): Fetching attachment from url: https://s33834.pcdn.co/web-agency-gb/wp-content/uploads/sites/422/2020/01/neve-web-design-bg-12.jpg...
[17/Nov/2020:15:17:35] (S): Fetched remote attachment.
[17/Nov/2020:15:17:35] (P): Inserting attachment...
[17/Nov/2020:15:17:35] (S): Attachment inserted
[17/Nov/2020:15:17:35] (S): Processed attachment.
[17/Nov/2020:15:17:35] (P): Processing attachment: https://s33834.pcdn.co/web-agency-gb/wp-content/uploads/sites/422/2020/01/neve-web-design-bg-13.jpg...
[17/Nov/2020:15:17:35] (P): Fetching attachment from url: https://s33834.pcdn.co/web-agency-gb/wp-content/uploads/sites/422/2020/01/neve-web-design-bg-13.jpg...
[17/Nov/2020:15:17:35] (S): Fetched remote attachment.
[17/Nov/2020:15:17:35] (P): Inserting attachment...
[17/Nov/2020:15:17:35] (S): Attachment inserted
[17/Nov/2020:15:17:35] (S): Processed attachment.
[17/Nov/2020:15:17:35] (P): Processing attachment: https://s33834.pcdn.co/web-agency-gb/wp-content/uploads/sites/422/2020/01/neve-web-design-bg-14.jpg...
[17/Nov/2020:15:17:35] (P): Fetching attachment from url: https://s33834.pcdn.co/web-agency-gb/wp-content/uploads/sites/422/2020/01/neve-web-design-bg-14.jpg...
[17/Nov/2020:15:17:36] (S): Fetched remote attachment.
[17/Nov/2020:15:17:36] (P): Inserting attachment...
[17/Nov/2020:15:17:36] (S): Attachment inserted
[17/Nov/2020:15:17:36] (S): Processed attachment.
[17/Nov/2020:15:17:36] (P): Processing attachment: https://s33834.pcdn.co/web-agency-gb/wp-content/uploads/sites/422/2020/01/neve-web-design-bg-15.jpg...
[17/Nov/2020:15:17:36] (P): Fetching attachment from url: https://s33834.pcdn.co/web-agency-gb/wp-content/uploads/sites/422/2020/01/neve-web-design-bg-15.jpg...
[17/Nov/2020:15:17:36] (S): Fetched remote attachment.
[17/Nov/2020:15:17:36] (P): Inserting attachment...
[17/Nov/2020:15:17:36] (S): Attachment inserted
[17/Nov/2020:15:17:36] (S): Processed attachment.
[17/Nov/2020:15:17:36] (P): Processing attachment: https://s33834.pcdn.co/web-agency-gb/wp-content/uploads/sites/422/2020/06/web-agency-logo-2.png...
[17/Nov/2020:15:17:36] (P): Fetching attachment from url: https://s33834.pcdn.co/web-agency-gb/wp-content/uploads/sites/422/2020/06/web-agency-logo-2.png...
[17/Nov/2020:15:17:37] (S): Fetched remote attachment.
[17/Nov/2020:15:17:37] (P): Inserting attachment...
[17/Nov/2020:15:17:37] (S): Attachment inserted
[17/Nov/2020:15:17:37] (S): Processed attachment.
[17/Nov/2020:15:17:37] (P): Processing attachment: https://s33834.pcdn.co/web-agency-gb/wp-content/uploads/sites/422/2020/06/web-agency-icon.png...
[17/Nov/2020:15:17:37] (P): Fetching attachment from url: https://s33834.pcdn.co/web-agency-gb/wp-content/uploads/sites/422/2020/06/web-agency-icon.png...
[17/Nov/2020:15:17:37] (S): Fetched remote attachment.
[17/Nov/2020:15:17:37] (P): Inserting attachment...
[17/Nov/2020:15:17:37] (S): Attachment inserted
[17/Nov/2020:15:17:37] (S): Processed attachment.
[17/Nov/2020:15:17:37] (P): Processing attachment: https://s33834.pcdn.co/web-agency-gb/wp-content/uploads/sites/422/2020/06/cropped-web-agency-logo-2.png...
[17/Nov/2020:15:17:37] (P): Fetching attachment from url: https://s33834.pcdn.co/web-agency-gb/wp-content/uploads/sites/422/2020/06/cropped-web-agency-logo-2.png...
[17/Nov/2020:15:17:37] (S): Fetched remote attachment.
[17/Nov/2020:15:17:37] (P): Inserting attachment...
[17/Nov/2020:15:17:37] (S): Attachment inserted
[17/Nov/2020:15:17:37] (S): Processed attachment.
[17/Nov/2020:15:17:37] (P): Processing attachment: https://s33834.pcdn.co/web-agency-gb/wp-content/uploads/sites/422/2020/06/cropped-web-agency-icon.png...
[17/Nov/2020:15:17:37] (P): Fetching attachment from url: https://s33834.pcdn.co/web-agency-gb/wp-content/uploads/sites/422/2020/06/cropped-web-agency-icon.png...
[17/Nov/2020:15:17:38] (S): Fetched remote attachment.
[17/Nov/2020:15:17:38] (P): Inserting attachment...
[17/Nov/2020:15:17:38] (S): Attachment inserted
[17/Nov/2020:15:17:38] (S): Processed attachment.
[17/Nov/2020:15:17:38] (P): Processing attachment: https://s33834.pcdn.co/web-agency-gb/wp-content/uploads/sites/422/2020/07/web-design-studio-01.jpg.jpg...
[17/Nov/2020:15:17:38] (P): Fetching attachment from url: https://s33834.pcdn.co/web-agency-gb/wp-content/uploads/sites/422/2020/07/web-design-studio-01.jpg.jpg...
[17/Nov/2020:15:17:38] (S): Fetched remote attachment.
[17/Nov/2020:15:17:38] (P): Inserting attachment...
[17/Nov/2020:15:17:38] (S): Attachment inserted
[17/Nov/2020:15:17:38] (S): Processed attachment.
[17/Nov/2020:15:17:38] (P): Inserting post: 5 UX Principles for Creating a Great Website .
[17/Nov/2020:15:17:38] (S): Done inserting post: 5 UX Principles for Creating a Great Website .
[17/Nov/2020:15:17:38] (P): Inserting page: News .
[17/Nov/2020:15:17:38] (S): Done inserting page: News .
[17/Nov/2020:15:17:38] (P): Inserting page: Home .
[17/Nov/2020:15:17:38] (S): Done inserting page: Home .
[17/Nov/2020:15:17:38] (P): Processing single menu item ' '...
[17/Nov/2020:15:17:38] (S): Processed single menu item.
[17/Nov/2020:15:17:38] (P): Inserting post: Web Design Trends for 2020 .
[17/Nov/2020:15:17:38] (S): Done inserting post: Web Design Trends for 2020 .
[17/Nov/2020:15:17:38] (P): Inserting post: A Simple Guide to Design Thinking .
[17/Nov/2020:15:17:38] (S): Done inserting post: A Simple Guide to Design Thinking .
[17/Nov/2020:15:17:38] (P): Inserting wp_block: 3 column section .
[17/Nov/2020:15:17:38] (S): Done inserting wp_block: 3 column section .
[17/Nov/2020:15:17:38] (P): Inserting page: About Us .
[17/Nov/2020:15:17:38] (S): Done inserting page: About Us .
[17/Nov/2020:15:17:38] (P): Processing single menu item ' '...
[17/Nov/2020:15:17:38] (S): Processed single menu item.
[17/Nov/2020:15:17:38] (P): Inserting page: Portfolio .
[17/Nov/2020:15:17:38] (S): Done inserting page: Portfolio .
[17/Nov/2020:15:17:38] (P): Inserting page: Portfolio Single .
[17/Nov/2020:15:17:38] (S): Done inserting page: Portfolio Single .
[17/Nov/2020:15:17:38] (P): Processing single menu item ' '...
[17/Nov/2020:15:17:38] (S): Processed single menu item.
[17/Nov/2020:15:17:38] (P): Processing single menu item ' '...
[17/Nov/2020:15:17:38] (S): Processed single menu item.
[17/Nov/2020:15:17:38] (P): Inserting page: Contact Us .
[17/Nov/2020:15:17:38] (S): Done inserting page: Contact Us .
[17/Nov/2020:15:17:38] (P): Processing single menu item ' '...
[17/Nov/2020:15:17:38] (S): Processed single menu item.
[17/Nov/2020:15:17:38] (P): Inserting wp_block: Team Social Icons .
[17/Nov/2020:15:17:38] (S): Done inserting wp_block: Team Social Icons .
[17/Nov/2020:15:17:38] (S): Processed posts.
[17/Nov/2020:15:17:38] (P): Processing single menu item ' '...
[17/Nov/2020:15:17:38] (S): Processed single menu item.
[17/Nov/2020:15:17:38] (P): Cleaning up import with id ...
[17/Nov/2020:15:17:38] (P): Done cleanup. Flushing cache...
[17/Nov/2020:15:17:38] (P): Flushed cache. Removing temporary data..
[17/Nov/2020:15:17:38] (S): Done importing
[17/Nov/2020:15:17:38] (P): Busting elementor cache
[17/Nov/2020:15:17:38] (S): Front page set up with id: 5.
